{"uid":"b179674725d34557","name":"emiCalculation","fullName":"TestRunner.EMITestRunner.emiCalculation","historyId":"5aec911633491af22460a52c44e1bbc6","time":{"start":1687978435679,"stop":1687978435680,"duration":1},"status":"broken","statusMessage":"\n[public void TestRunner.EMITestRunner.emiCalculation(int,double,int,double,double,double,double,double)] has no parameters defined but was found to be using a data provider (either explicitly specified or inherited from class level annotation).\nData provider mismatch\nMethod: emiCalculation([Parameter{index=0, type=int, declaredAnnotations=[]}, Parameter{index=1, type=double, declaredAnnotations=[]}, Parameter{index=2, type=int, declaredAnnotations=[]}, Parameter{index=3, type=double, declaredAnnotations=[]}, Parameter{index=4, type=double, declaredAnnotations=[]}, Parameter{index=5, type=double, declaredAnnotations=[]}, Parameter{index=6, type=double, declaredAnnotations=[]}, Parameter{index=7, type=double, declaredAnnotations=[]}])\nArguments: [(java.lang.Integer) 10000,(java.lang.Integer) 9,(java.lang.Integer) 2,(java.lang.Integer) 2,(java.lang.Double) 456.85,(java.lang.Double) 964.34,(java.lang.Integer) 200,(java.lang.Integer) 10,(java.lang.Double) 964.34]","statusTrace":"org.testng.internal.reflect.MethodMatcherException: \n[public void TestRunner.EMITestRunner.emiCalculation(int,double,int,double,double,double,double,double)] has no parameters defined but was found to be using a data provider (either explicitly specified or inherited from class level annotation).\nData provider mismatch\nMethod: emiCalculation([Parameter{index=0, type=int, declaredAnnotations=[]}, Parameter{index=1, type=double, declaredAnnotations=[]}, Parameter{index=2, type=int, declaredAnnotations=[]}, Parameter{index=3, type=double, declaredAnnotations=[]}, Parameter{index=4, type=double, declaredAnnotations=[]}, Parameter{index=5, type=double, declaredAnnotations=[]}, Parameter{index=6, type=double, declaredAnnotations=[]}, Parameter{index=7, type=double, declaredAnnotations=[]}])\nArguments: [(java.lang.Integer) 10000,(java.lang.Integer) 9,(java.lang.Integer) 2,(java.lang.Integer) 2,(java.lang.Double) 456.85,(java.lang.Double) 964.34,(java.lang.Integer) 200,(java.lang.Integer) 10,(java.lang.Double) 964.34]\r\n\tat org.testng.internal.reflect.DataProviderMethodMatcher.getConformingArguments(DataProviderMethodMatcher.java:46)\r\n\tat org.testng.internal.Parameters.injectParameters(Parameters.java:886)\r\n\tat org.testng.internal.invokers.MethodRunner.runInSequence(MethodRunner.java:37)\r\n\tat org.testng.internal.invokers.TestInvoker$MethodInvocationAgent.invoke(TestInvoker.java:945)\r\n\tat org.testng.internal.invokers.TestInvoker.invokeTestMethods(TestInvoker.java:193)\r\n\tat org.testng.internal.invokers.TestMethodWorker.invokeTestMethods(TestMethodWorker.java:146)\r\n\tat org.testng.internal.invokers.TestMethodWorker.run(TestMethodWorker.java:128)\r\n\tat java.util.ArrayList.forEach(ArrayList.java:1255)\r\n\tat org.testng.TestRunner.privateRun(TestRunner.java:808)\r\n\tat org.testng.TestRunner.run(TestRunner.java:603)\r\n\tat org.testng.SuiteRunner.runTest(SuiteRunner.java:429)\r\n\tat org.testng.SuiteRunner.runSequentially(SuiteRunner.java:423)\r\n\tat org.testng.SuiteRunner.privateRun(SuiteRunner.java:383)\r\n\tat org.testng.SuiteRunner.run(SuiteRunner.java:326)\r\n\tat org.testng.SuiteRunnerWorker.runSuite(SuiteRunnerWorker.java:52)\r\n\tat org.testng.SuiteRunnerWorker.run(SuiteRunnerWorker.java:95)\r\n\tat org.testng.TestNG.runSuitesSequentially(TestNG.java:1249)\r\n\tat org.testng.TestNG.runSuitesLocally(TestNG.java:1169)\r\n\tat org.testng.TestNG.runSuites(TestNG.java:1092)\r\n\tat org.testng.TestNG.run(TestNG.java:1060)\r\n\tat com.intellij.rt.testng.IDEARemoteTestNG.run(IDEARemoteTestNG.java:66)\r\n\tat com.intellij.rt.testng.RemoteTestNGStarter.main(RemoteTestNGStarter.java:109)\r\n","flaky":false,"newFailed":false,"newBroken":false,"newPassed":false,"retriesCount":0,"retriesStatusChange":false,"beforeStages":[{"name":"emiCalculatorClick","time":{"start":1687978435141,"stop":1687978435354,"duration":213},"description":"","status":"broken","statusMessage":"Can not set io.appium.java_client.android.AndroidElement field Screens.EMIScreen.btnStart to org.openqa.selenium.remote.RemoteWebElement$$EnhancerByCGLIB$$d27c0df4","statusTrace":"java.lang.IllegalArgumentException: Can not set io.appium.java_client.android.AndroidElement field Screens.EMIScreen.btnStart to org.openqa.selenium.remote.RemoteWebElement$$EnhancerByCGLIB$$d27c0df4\r\n\tat sun.reflect.UnsafeFieldAccessorImpl.throwSetIllegalArgumentException(UnsafeFieldAccessorImpl.java:167)\r\n\tat sun.reflect.UnsafeFieldAccessorImpl.throwSetIllegalArgumentException(UnsafeFieldAccessorImpl.java:171)\r\n\tat sun.reflect.UnsafeObjectFieldAccessorImpl.set(UnsafeObjectFieldAccessorImpl.java:81)\r\n\tat java.lang.reflect.Field.set(Field.java:764)\r\n\tat org.openqa.selenium.support.PageFactory.proxyFields(PageFactory.java:117)\r\n\tat org.openqa.selenium.support.PageFactory.initElements(PageFactory.java:105)\r\n\tat Screens.EMIScreen.<init>(EMIScreen.java:43)\r\n\tat TestRunner.EMITestRunner.emiCalculatorClick(EMITestRunner.java:15)\r\n\tat sun.reflect.NativeMethodAccessorImpl.invoke0(Native Method)\r\n\tat sun.reflect.NativeMethodAccessorImpl.invoke(NativeMethodAccessorImpl.java:62)\r\n\tat sun.reflect.DelegatingMethodAccessorImpl.invoke(DelegatingMethodAccessorImpl.java:43)\r\n\tat java.lang.reflect.Method.invoke(Method.java:498)\r\n\tat org.testng.internal.invokers.MethodInvocationHelper.invokeMethod(MethodInvocationHelper.java:135)\r\n\tat org.testng.internal.invokers.MethodInvocationHelper.invokeMethodConsideringTimeout(MethodInvocationHelper.java:65)\r\n\tat org.testng.internal.invokers.ConfigInvoker.invokeConfigurationMethod(ConfigInvoker.java:381)\r\n\tat org.testng.internal.invokers.ConfigInvoker.invokeConfigurations(ConfigInvoker.java:319)\r\n\tat org.testng.TestRunner.invokeTestConfigurations(TestRunner.java:645)\r\n\tat org.testng.TestRunner.beforeRun(TestRunner.java:634)\r\n\tat org.testng.TestRunner.run(TestRunner.java:596)\r\n\tat org.testng.SuiteRunner.runTest(SuiteRunner.java:429)\r\n\tat org.testng.SuiteRunner.runSequentially(SuiteRunner.java:423)\r\n\tat org.testng.SuiteRunner.privateRun(SuiteRunner.java:383)\r\n\tat org.testng.SuiteRunner.run(SuiteRunner.java:326)\r\n\tat org.testng.SuiteRunnerWorker.runSuite(SuiteRunnerWorker.java:52)\r\n\tat org.testng.SuiteRunnerWorker.run(SuiteRunnerWorker.java:95)\r\n\tat org.testng.TestNG.runSuitesSequentially(TestNG.java:1249)\r\n\tat org.testng.TestNG.runSuitesLocally(TestNG.java:1169)\r\n\tat org.testng.TestNG.runSuites(TestNG.java:1092)\r\n\tat org.testng.TestNG.run(TestNG.java:1060)\r\n\tat com.intellij.rt.testng.IDEARemoteTestNG.run(IDEARemoteTestNG.java:66)\r\n\tat com.intellij.rt.testng.RemoteTestNGStarter.main(RemoteTestNGStarter.java:109)\r\n","steps":[],"attachments":[],"parameters":[],"stepsCount":0,"hasContent":true,"shouldDisplayMessage":true,"attachmentsCount":0}],"afterStages":[],"labels":[{"name":"package","value":"TestRunner.EMITestRunner"},{"name":"testClass","value":"TestRunner.EMITestRunner"},{"name":"testMethod","value":"emiCalculation"},{"name":"parentSuite","value":"Default Suite"},{"name":"suite","value":"emiCalculator"},{"name":"subSuite","value":"TestRunner.EMITestRunner"},{"name":"host","value":"DESKTOP-IB7ED16"},{"name":"thread","value":"7340@DESKTOP-IB7ED16.main(1)"},{"name":"framework","value":"testng"},{"name":"language","value":"java"},{"name":"resultFormat","value":"allure2"}],"parameters":[],"links":[],"hidden":true,"retry":true,"extra":{"categories":[],"tags":[]},"source":"b179674725d34557.json","parameterValues":[]}